<?xml version="1.0" encoding="UTF-8"?>
<testsuite name="helloworld.ApiGatewayRespondingAppTest" tests="1" skipped="0" failures="0" errors="0" timestamp="2022-01-01T16:13:30" hostname="MBP.local" time="0.688">
  <properties/>
  <testcase name="successfulResponse" classname="helloworld.ApiGatewayRespondingAppTest" time="0.688"/>
  <system-out><![CDATA[]]></system-out>
  <system-err><![CDATA[]]></system-err>
</testsuite>
